[2025-12-02 17:18:00] [管理员: system] 数据库初始化完成
[2025-12-02 17:18:01] [管理员: system] 数据库初始化完成
[2025-12-02 17:29:19] [管理员: admin] 用户登录: admin
[2025-12-02 17:36:15] [管理员: system] 数据库初始化完成
[2025-12-02 17:36:16] [管理员: system] 数据库初始化完成
[2025-12-02 17:36:24] [管理员: admin] 用户登录: admin
[2025-12-02 17:37:02] [管理员: admin] 用户创建新帖: admin - API Document
[2025-12-02 17:42:58] [管理员: system] 数据库初始化完成
[2025-12-02 17:45:07] [管理员: system] 数据库初始化完成
[2025-12-02 17:51:15] [管理员: system] 数据库初始化完成
[2025-12-02 17:51:16] [管理员: system] 数据库初始化完成
[2025-12-02 17:52:16] [管理员: admin] 用户登录: admin
[2025-12-02 18:01:52] [管理员: system] 数据库初始化完成
[2025-12-02 18:02:36] [管理员: admin] 创建了新用户: hmj
[2025-12-02 18:02:43] [管理员: system] 用户登出: admin
[2025-12-02 18:02:48] [管理员: hmj] 用户登录: hmj
[2025-12-02 18:04:17] [管理员: admin] 用户登录: admin
[2025-12-02 18:04:27] [管理员: admin] 用户登录: admin
[2025-12-02 18:06:21] [管理员: system] 数据库初始化完成
[2025-12-02 18:07:26] [管理员: system] 数据库初始化完成
[2025-12-02 18:15:18] [管理员: admin] 创建了新用户: cln2012
[2025-12-02 18:15:22] [管理员: admin] 修改用户 cln2012 的角色: user -> admin
[2025-12-02 18:15:33] [管理员: system] 用户登出: admin
[2025-12-02 18:15:38] [管理员: cln2012] 用户登录: cln2012
[2025-12-02 18:19:14] [管理员: system] 数据库初始化完成
[2025-12-02 18:19:15] [管理员: system] 数据库初始化完成
[2025-12-02 18:19:58] [管理员: system] 数据库初始化完成
[2025-12-02 18:19:59] [管理员: system] 数据库初始化完成
[2025-12-02 18:22:04] [管理员: system] 数据库初始化完成
[2025-12-02 18:22:13] [管理员: system] 数据库初始化完成
[2025-12-02 18:23:07] [管理员: system] 数据库初始化完成
[2025-12-02 18:23:11] [管理员: system] 数据库初始化完成
[2025-12-02 18:23:21] [管理员: admin] 用户创建新帖: admin - API
[2025-12-02 18:29:00] [管理员: system] 数据库初始化完成
[2025-12-02 18:35:29] [管理员: system] 数据库初始化完成
[2025-12-02 18:35:30] [管理员: system] 数据库初始化完成
[2025-12-02 18:42:25] [管理员: system] 数据库初始化完成
[2025-12-02 18:42:26] [管理员: system] 数据库初始化完成
[2025-12-02 18:48:01] [管理员: system] 数据库初始化完成
[2025-12-02 18:48:02] [管理员: system] 数据库初始化完成
[2025-12-02 18:48:09] [管理员: system] 数据库初始化完成
[2025-12-02 18:48:10] [管理员: system] 数据库初始化完成
[2025-12-02 18:52:20] [管理员: system] 数据库初始化完成
[2025-12-02 18:52:21] [管理员: system] 数据库初始化完成
[2025-12-02 18:53:24] [管理员: system] 数据库初始化完成
[2025-12-02 18:55:31] [管理员: system] 数据库初始化完成
[2025-12-02 18:55:40] [管理员: system] 数据库初始化完成
[2025-12-02 18:55:58] [管理员: system] 数据库初始化完成
[2025-12-02 18:56:03] [管理员: system] 数据库初始化完成
[2025-12-02 18:56:09] [管理员: system] 数据库初始化完成
[2025-12-02 18:56:27] [管理员: system] 数据库初始化完成
[2025-12-02 18:57:51] [管理员: system] 数据库初始化完成
[2025-12-02 18:58:23] [管理员: system] 数据库初始化完成
[2025-12-02 18:59:16] [管理员: system] 数据库初始化完成
[2025-12-02 18:59:30] [管理员: system] 数据库初始化完成
[2025-12-02 19:01:13] [管理员: system] 数据库初始化完成
[2025-12-02 19:02:38] [管理员: system] 数据库初始化完成
[2025-12-02 19:02:55] [管理员: admin] 用户登录: admin
[2025-12-02 19:03:27] [管理员: system] 数据库初始化完成
[2025-12-02 19:08:39] [管理员: system] 数据库初始化完成
[2025-12-02 19:13:41] [管理员: system] 数据库初始化完成
[2025-12-02 19:13:42] [管理员: system] 数据库初始化完成
[2025-12-02 19:13:57] [管理员: system] 数据库初始化完成
[2025-12-02 19:15:05] [管理员: system] 数据库初始化完成
[2025-12-02 19:15:22] [管理员: system] 数据库初始化完成
[2025-12-02 19:15:31] [管理员: system] 数据库初始化完成
[2025-12-02 19:15:32] [管理员: system] 数据库初始化完成
[2025-12-02 19:21:18] [管理员: system] 数据库初始化完成
[2025-12-02 19:21:19] [管理员: system] 数据库初始化完成
[2025-12-02 19:23:00] [管理员: system] 数据库初始化完成
[2025-12-02 19:23:12] [管理员: system] 数据库初始化完成
[2025-12-02 19:23:12] [管理员: system] 数据库初始化完成
[2025-12-02 19:33:49] [管理员: system] 数据库初始化完成
[2025-12-02 19:35:13] [管理员: system] 数据库初始化完成
[2025-12-02 19:37:24] [管理员: system] 数据库初始化完成
[2025-12-02 19:37:25] [管理员: system] 数据库初始化完成
[2025-12-02 19:39:01] [管理员: admin] 服务器关停，原因: fuckcf
[2025-12-02 19:39:09] [管理员: system] 数据库初始化完成
[2025-12-02 19:39:10] [管理员: system] 数据库初始化完成
[2025-12-02 19:40:33] [管理员: system] 数据库初始化完成
[2025-12-02 19:41:41] [管理员: system] 数据库初始化完成
[2025-12-02 19:41:42] [管理员: system] 数据库初始化完成
[2025-12-02 19:42:12] [管理员: system] 数据库初始化完成
[2025-12-02 19:42:13] [管理员: system] 数据库初始化完成
[2025-12-02 19:44:39] [管理员: system] 数据库初始化完成
[2025-12-02 19:46:44] [管理员: system] 数据库初始化完成
[2025-12-02 19:46:45] [管理员: system] 数据库初始化完成
[2025-12-02 19:46:55] [管理员: system] 数据库初始化完成
[2025-12-02 19:48:28] [管理员: system] 数据库初始化完成
[2025-12-02 19:48:28] [管理员: system] 数据库初始化完成
[2025-12-02 20:09:34] [管理员: system] 数据库初始化完成
[2025-12-02 20:09:35] [管理员: system] 数据库初始化完成
[2025-12-02 20:10:51] [管理员: system] 数据库初始化完成
[2025-12-02 20:11:06] [管理员: system] 数据库初始化完成
[2025-12-02 20:14:27] [管理员: system] 数据库初始化完成
[2025-12-02 20:14:28] [管理员: system] 数据库初始化完成
[2025-12-02 20:14:41] [管理员: system] 数据库初始化完成
[2025-12-02 20:19:02] [管理员: system] 数据库初始化完成
[2025-12-02 20:19:28] [管理员: system] 数据库初始化完成
[2025-12-02 20:21:53] [管理员: system] 数据库初始化完成
[2025-12-02 20:37:41] [管理员: admin] 删除了表 users 中ID为 3 的记录
[2025-12-02 20:39:46] [管理员: system] 数据库初始化完成
[2025-12-02 20:40:21] [管理员: system] 数据库初始化完成
[2025-12-02 20:40:47] [管理员: system] 数据库初始化完成
[2025-12-02 20:41:18] [管理员: system] 数据库初始化完成
[2025-12-02 20:41:41] [管理员: system] 数据库初始化完成
[2025-12-02 20:41:53] [管理员: system] 数据库初始化完成
[2025-12-02 20:42:53] [管理员: system] 数据库初始化完成
[2025-12-02 20:43:10] [管理员: system] 数据库初始化完成
[2025-12-02 20:43:55] [管理员: system] 数据库初始化完成
[2025-12-02 20:46:02] [管理员: system] 数据库初始化完成
[2025-12-02 20:46:03] [管理员: system] 数据库初始化完成
[2025-12-02 20:51:07] [管理员: system] 数据库初始化完成
[2025-12-02 20:51:07] [管理员: system] 数据库初始化完成
[2025-12-02 21:01:31] [管理员: admin] 用户登录: admin
[2025-12-02 21:10:02] [管理员: admin] 修改了表 users 中ID为 2 的记录
[2025-12-02 21:13:17] [管理员: system] 数据库初始化完成
[2025-12-02 21:13:37] [管理员: system] 数据库初始化完成
[2025-12-02 21:15:11] [管理员: system] 数据库初始化完成
[2025-12-02 21:15:25] [管理员: system] 数据库初始化完成
[2025-12-02 21:16:43] [管理员: system] 数据库初始化完成
[2025-12-02 21:17:35] [管理员: system] 数据库初始化完成
[2025-12-02 21:17:50] [管理员: system] 数据库初始化完成
[2025-12-02 21:18:41] [管理员: system] 数据库初始化完成
[2025-12-02 21:20:59] [管理员: system] 数据库初始化完成
[2025-12-02 21:21:00] [管理员: system] 数据库初始化完成
[2025-12-02 21:21:09] [管理员: admin] 用户登录: admin
[2025-12-02 21:22:12] [管理员: admin] 用户创建新帖: admin - test
[2025-12-02 21:25:53] [管理员: system] 数据库初始化完成
[2025-12-02 21:26:17] [管理员: system] 数据库初始化完成
[2025-12-02 21:26:57] [管理员: system] 数据库初始化完成
[2025-12-02 21:28:20] [管理员: system] 数据库初始化完成
